生成启动时间为 2018/4/10 10:10:44。
     1>项目“F:\毕设文件\毕设机器人\MyRobot\MyRobot\MyRobot.vcxproj”在节点 2 上(Build 个目标)。
     1>ClCompile:
         G:\Program Files (x86)\Microsoft Visual Studio 12.0\VC\bin\CL.exe /c /ZI /nologo /W3 /WX- /sdl /Od /Oy- /D WIN32 /D _WINDOWS /D _DEBUG /D _UNICODE /D UNICODE /D _AFXDLL /Gm /EHsc /RTC1 /MDd /GS /fp:precise /Zc:wchar_t /Zc:forScope /Yc"stdafx.h" /Fp"Debug\MyRobot.pch" /Fo"Debug\\" /Fd"Debug\vc120.pdb" /Gd /TP /analyze- /errorReport:prompt stdafx.cpp
         stdafx.cpp
         G:\Program Files (x86)\Microsoft Visual Studio 12.0\VC\bin\CL.exe /c /ZI /nologo /W3 /WX- /sdl /Od /Oy- /D WIN32 /D _WINDOWS /D _DEBUG /D _UNICODE /D UNICODE /D _AFXDLL /Gm /EHsc /RTC1 /MDd /GS /fp:precise /Zc:wchar_t /Zc:forScope /Yu"stdafx.h" /Fp"Debug\MyRobot.pch" /Fo"Debug\\" /Fd"Debug\vc120.pdb" /Gd /TP /analyze- /errorReport:prompt GRB4Robot.cpp GTController.cpp MyRobot.cpp MyRobotDlg.cpp Planner.cpp RobotBase.cpp
         RobotBase.cpp
         Planner.cpp
     1>f:\毕设文件\毕设机器人\myrobot\myrobot\planner.cpp(50): warning C4101: “ct”: 未引用的局部变量
     1>f:\毕设文件\毕设机器人\myrobot\myrobot\planner.cpp(56): warning C4101: “y2”: 未引用的局部变量
     1>f:\毕设文件\毕设机器人\myrobot\myrobot\planner.cpp(56): warning C4101: “x2”: 未引用的局部变量
     1>f:\毕设文件\毕设机器人\myrobot\myrobot\planner.cpp(50): warning C4101: “cp”: 未引用的局部变量
     1>f:\毕设文件\毕设机器人\myrobot\myrobot\planner.cpp(50): warning C4101: “sp”: 未引用的局部变量
     1>f:\毕设文件\毕设机器人\myrobot\myrobot\planner.cpp(49): warning C4101: “pp”: 未引用的局部变量
     1>f:\毕设文件\毕设机器人\myrobot\myrobot\planner.cpp(56): warning C4101: “y1”: 未引用的局部变量
     1>f:\毕设文件\毕设机器人\myrobot\myrobot\planner.cpp(49): warning C4101: “coeff”: 未引用的局部变量
     1>f:\毕设文件\毕设机器人\myrobot\myrobot\planner.cpp(50): warning C4101: “cos_phai”: 未引用的局部变量
     1>f:\毕设文件\毕设机器人\myrobot\myrobot\planner.cpp(56): warning C4101: “z2”: 未引用的局部变量
     1>f:\毕设文件\毕设机器人\myrobot\myrobot\planner.cpp(50): warning C4101: “st”: 未引用的局部变量
     1>f:\毕设文件\毕设机器人\myrobot\myrobot\planner.cpp(56): warning C4101: “x1”: 未引用的局部变量
     1>f:\毕设文件\毕设机器人\myrobot\myrobot\planner.cpp(50): warning C4101: “vt”: 未引用的局部变量
     1>f:\毕设文件\毕设机器人\myrobot\myrobot\planner.cpp(50): warning C4101: “sin_phai”: 未引用的局部变量
     1>f:\毕设文件\毕设机器人\myrobot\myrobot\planner.cpp(56): warning C4101: “z1”: 未引用的局部变量
     1>f:\毕设文件\毕设机器人\myrobot\myrobot\planner.cpp(49): warning C4101: “tp”: 未引用的局部变量
         MyRobotDlg.cpp
         MyRobot.cpp
         GTController.cpp
         GRB4Robot.cpp
         正在生成代码...
       ResourceCompile:
         C:\Program Files (x86)\Windows Kits\8.1\bin\x86\rc.exe /D _DEBUG /D _UNICODE /D UNICODE /D _AFXDLL /l"0x0804" /IDebug\ /nologo /fo"Debug\MyRobot.res" MyRobot.rc 
       Link:
         G:\Program Files (x86)\Microsoft Visual Studio 12.0\VC\bin\link.exe /ERRORREPORT:PROMPT /OUT:"F:\毕设文件\毕设机器人\MyRobot\Debug\MyRobot.exe" /INCREMENTAL /NOLOGO gt400.lib /MANIFEST /MANIFESTUAC:"level='asInvoker' uiAccess='false'" /manifest:embed /manifestinput:"G:\Program Files (x86)\Microsoft Visual Studio 12.0\VC\Include\Manifest\dpiaware.manifest" /DEBUG /PDB:"F:\毕设文件\毕设机器人\MyRobot\Debug\MyRobot.pdb" /SUBSYSTEM:WINDOWS /TLBID:1 /ENTRY:"wWinMainCRTStartup" /DYNAMICBASE /NXCOMPAT /IMPLIB:"F:\毕设文件\毕设机器人\MyRobot\Debug\MyRobot.lib" /MACHINE:X86 Debug\MyRobot.res
         Debug\GRB4Robot.obj
         Debug\GTController.obj
         Debug\MyRobot.obj
         Debug\MyRobotDlg.obj
         Debug\Planner.obj
         Debug\RobotBase.obj
         Debug\stdafx.obj
         MyRobot.vcxproj -> F:\毕设文件\毕设机器人\MyRobot\Debug\MyRobot.exe
     1>已完成生成项目“F:\毕设文件\毕设机器人\MyRobot\MyRobot\MyRobot.vcxproj”(Build 个目标)的操作。

生成成功。

已用时间 00:00:12.52
